[2026-06-29 05:05:49] INFO | experiment | Device: cuda
[2026-06-29 05:05:49] INFO | experiment | Cohort: 50 buildings/dataset (tag='_s43') | ashrae=/home/samy/yuvaraj/cross-task-fl-balances-experiments/data/ashrae/processed | lead=/home/samy/yuvaraj/cross-task-fl-balances-experiments/data/lead/processed
[2026-06-29 05:05:49] INFO | experiment | Mamba fused kernels: ON (selective_scan=True, causal_conv1d=True)
[2026-06-29 05:05:49] INFO | experiment | ============================================================
[2026-06-29 05:05:49] INFO | experiment | STEP 3: CENTRALIZED BASELINES
[2026-06-29 05:05:49] INFO | experiment | ============================================================
[2026-06-29 05:05:49] INFO | experiment | --- Centralized Forecasting ---
[2026-06-29 05:07:52] INFO | experiment | Epoch 1/100 | train=0.174558 val=0.100070
[2026-06-29 05:28:35] INFO | experiment | Epoch 11/100 | train=0.126708 val=0.102980
[2026-06-29 05:44:39] INFO | experiment | Early stopping at epoch 18
[2026-06-29 05:45:01] INFO | experiment |   MSE: 0.196468
[2026-06-29 05:45:01] INFO | experiment |   RMSE: 0.443247
[2026-06-29 05:45:01] INFO | experiment |   MAE: 0.172082
[2026-06-29 05:45:01] INFO | experiment |   MAPE: 35.58%
[2026-06-29 05:45:01] INFO | experiment |   SMAPE: 11.234494
[2026-06-29 05:45:01] INFO | experiment |   WAPE: 4.285876
[2026-06-29 05:45:01] INFO | experiment |   NRMSE: 0.110395
[2026-06-29 05:45:01] INFO | experiment |   MASE: 2.159854
[2026-06-29 05:45:01] INFO | experiment |   RSE: 0.240944
[2026-06-29 05:45:01] INFO | experiment |   CORR: 0.970719
[2026-06-29 05:45:01] INFO | experiment |   R2: 0.941946
[2026-06-29 05:45:01] INFO | experiment | --- Centralized Anomaly Detection ---
[2026-06-29 05:47:38] INFO | experiment | Epoch 1/100 | train=0.596428 val=0.090092
[2026-06-29 06:16:36] INFO | experiment | Epoch 11/100 | train=0.434982 val=0.066249
[2026-06-29 06:45:32] INFO | experiment | Epoch 21/100 | train=0.432641 val=0.062092
[2026-06-29 07:14:40] INFO | experiment | Early stopping at epoch 30
[2026-06-29 07:14:58] INFO | experiment |   Threshold (from val): 0.049005
[2026-06-29 07:15:39] INFO | experiment |   F1: 0.5433
[2026-06-29 07:15:39] INFO | experiment |   AUC_ROC: 0.8297
[2026-06-29 07:15:39] INFO | experiment |   AUC_PR: 0.6735
[2026-06-29 07:15:39] INFO | experiment |   PRECISION: 0.8951
[2026-06-29 07:15:39] INFO | experiment |   RECALL: 0.3900
[2026-06-29 07:15:39] INFO | experiment | Results saved to /home/samy/yuvaraj/cross-task-fl-balances-experiments/results/centralized_s43_results.json
[2026-06-29 07:15:39] INFO | experiment | ============================================================
[2026-06-29 07:15:39] INFO | experiment | STEP 6: GENERATING RESEARCH PAPER PLOTS
[2026-06-29 07:15:39] INFO | experiment | ============================================================
s
[2026-06-29 07:08:04] INFO | experiment |   [forecasting] 35 clients trained on cuda in 904s
[2026-06-29 07:24:16] INFO | experiment |   [anomaly] 35 clients trained on cuda in 972s
[2026-06-29 07:25:26] INFO | experiment |   Forecast test MSE: 0.234033 | Anomaly test MSE: 0.157938 | round 1947s
[2026-06-29 07:25:27] INFO | experiment | Round 6/10 | 70 clients
[2026-06-29 07:36:34] INFO | experiment |   [forecasting] 35 clients trained on cuda in 667s
[2026-06-29 07:49:54] INFO | experiment |   [anomaly] 35 clients trained on cuda in 800s
[2026-06-29 07:49:55] INFO | experiment | Round 7/10 | 70 clients
[2026-06-29 08:00:36] INFO | experiment |   [forecasting] 35 clients trained on cuda in 642s
[2026-06-29 08:13:13] INFO | experiment |   [anomaly] 35 clients trained on cuda in 757s
[2026-06-29 08:13:14] INFO | experiment | Round 8/10 | 70 clients
[2026-06-29 08:24:50] INFO | experiment |   [forecasting] 35 clients trained on cuda in 697s
[2026-06-29 08:39:50] INFO | experiment |   [anomaly] 35 clients trained on cuda in 900s
[2026-06-29 08:39:51] INFO | experiment | Round 9/10 | 70 clients
[2026-06-29 08:52:20] INFO | experiment |   [forecasting] 35 clients trained on cuda in 749s
[2026-06-29 09:05:36] INFO | experiment |   [anomaly] 35 clients trained on cuda in 796s
[2026-06-29 09:05:36] INFO | experiment | Round 10/10 | 70 clients
[2026-06-29 09:16:11] INFO | experiment |   [forecasting] 35 clients trained on cuda in 635s
[2026-06-29 09:28:42] INFO | experiment |   [anomaly] 35 clients trained on cuda in 751s
[2026-06-29 09:29:40] INFO | experiment |   Forecast test MSE: 0.237742 | Anomaly test MSE: 0.161507 | round 1444s
[2026-06-29 09:29:41] INFO | experiment | FL training completed in 15817.2s
[2026-06-29 09:29:41] INFO | experiment | --- Federated Forecasting Evaluation ---
[2026-06-29 09:30:03] INFO | experiment |   MSE: 0.237752
[2026-06-29 09:30:03] INFO | experiment |   RMSE: 0.487599
[2026-06-29 09:30:03] INFO | experiment |   MAE: 0.235453
[2026-06-29 09:30:03] INFO | experiment |   MAPE: 21.49%
[2026-06-29 09:30:03] INFO | experiment |   SMAPE: 14.455618
[2026-06-29 09:30:03] INFO | experiment |   WAPE: 5.864189
[2026-06-29 09:30:03] INFO | experiment |   NRMSE: 0.121441
[2026-06-29 09:30:03] INFO | experiment |   MASE: 2.955240
[2026-06-29 09:30:03] INFO | experiment |   RSE: 0.265054
[2026-06-29 09:30:03] INFO | experiment |   CORR: 0.964431
[2026-06-29 09:30:03] INFO | experiment |   R2: 0.929747
[2026-06-29 09:30:03] INFO | experiment | --- Federated Anomaly Detection Evaluation ---
[2026-06-29 09:30:18] INFO | experiment |   Threshold (from val): 0.249873
[2026-06-29 09:30:51] INFO | experiment |   F1: 0.4947
[2026-06-29 09:30:51] INFO | experiment |   AUC_ROC: 0.7580
[2026-06-29 09:30:51] INFO | experiment |   AUC_PR: 0.5885
[2026-06-29 09:30:51] INFO | experiment |   PRECISION: 0.7437
[2026-06-29 09:30:51] INFO | experiment |   RECALL: 0.3706
[2026-06-29 09:30:51] INFO | experiment | Results saved to /home/samy/yuvaraj/cross-task-fl-balances-experiments/results/federated_local_only_fedavg_s44_results.json
[2026-06-29 09:30:51] INFO | experiment | Models saved to /home/samy/yuvaraj/cross-task-fl-balances-experiments/checkpoints
[2026-06-29 09:30:54] INFO | experiment | ============================================================
[2026-06-29 09:30:54] INFO | experiment | STEP 6: GENERATING RESEARCH PAPER PLOTS
[2026-06-29 09:30:54] INFO | experiment | ============================================================
