[2026-06-25 15:11:10] INFO | experiment | Device: cuda
[2026-06-25 15:11:10] INFO | experiment | Cohort: 100 buildings/dataset (tag='_c100') | ashrae=/home/samy/yuvaraj/cross-task-fl-balances-experiments/data/ashrae/processed_c100 | lead=/home/samy/yuvaraj/cross-task-fl-balances-experiments/data/lead/processed_c100
[2026-06-25 15:11:10] INFO | experiment | Mamba fused kernels: ON (selective_scan=True, causal_conv1d=True)
[2026-06-25 15:11:10] INFO | experiment | ============================================================
[2026-06-25 15:11:10] INFO | experiment | STEP 2: MULTI-TASK FEDERATED LEARNING
[2026-06-25 15:11:10] INFO | experiment |   Mode: local_only | Strategy: fedavg
[2026-06-25 15:11:10] INFO | experiment | ============================================================
[2026-06-25 15:12:12] INFO | experiment | Forecasting model params: 884,999
[2026-06-25 15:12:12] INFO | experiment | Anomaly model params:     976,623
[2026-06-25 15:12:12] INFO | experiment | Shared backbone params:   829,790
[2026-06-25 15:12:12] INFO | experiment | Forecasting head params:  55,209
[2026-06-25 15:12:12] INFO | experiment | Anomaly head params:      146,833
[2026-06-25 15:12:12] INFO | experiment | Single-GPU mode on cuda (available: 2, max: 1)
[2026-06-25 15:12:12] INFO | experiment | Backbone compatibility verified.
[2026-06-25 15:12:12] INFO | experiment | Multi-Task Federated Training
[2026-06-25 15:12:12] INFO | experiment |   Mode: local_only | Strategy: fedavg
[2026-06-25 15:12:12] INFO | experiment |   Forecasting clients: 85
[2026-06-25 15:12:12] INFO | experiment |   Anomaly clients:     85
[2026-06-25 15:12:12] INFO | experiment |   Total clients:       170
[2026-06-25 15:12:12] INFO | experiment |   Rounds: 10, Local epochs: 5
[2026-06-25 15:12:12] INFO | experiment |   GPUs: 1
[2026-06-25 15:12:12] INFO | experiment | Round 1/10 | 170 clients
[2026-06-25 15:43:06] INFO | experiment |   [forecasting] 85 clients trained on cuda in 1854s
[2026-06-25 16:15:23] INFO | experiment |   [anomaly] 85 clients trained on cuda in 1937s
[2026-06-25 16:16:26] INFO | experiment |   Forecast test MSE: 0.226137 | Anomaly test MSE: 0.202883 | round 3855s
[2026-06-25 16:16:27] INFO | experiment | Round 2/10 | 170 clients
[2026-06-25 16:47:29] INFO | experiment |   [forecasting] 85 clients trained on cuda in 1862s
[2026-06-25 17:20:16] INFO | experiment |   [anomaly] 85 clients trained on cuda in 1967s
[2026-06-25 17:21:09] INFO | experiment |   Forecast test MSE: 0.231520 | Anomaly test MSE: 0.180280 | round 3882s
[2026-06-25 17:21:09] INFO | experiment | Round 3/10 | 170 clients
[2026-06-25 17:50:43] INFO | experiment |   [forecasting] 85 clients trained on cuda in 1774s
[2026-06-25 18:28:16] INFO | experiment |   [anomaly] 85 clients trained on cuda in 2253s
[2026-06-25 18:29:09] INFO | experiment |   Forecast test MSE: 0.235182 | Anomaly test MSE: 0.169410 | round 4080s
[2026-06-25 18:29:09] INFO | experiment | Round 4/10 | 170 clients
[2026-06-25 18:55:06] INFO | experiment |   [forecasting] 85 clients trained on cuda in 1557s
[2026-06-25 19:30:58] INFO | experiment |   [anomaly] 85 clients trained on cuda in 2152s
[2026-06-25 19:31:49] INFO | experiment |   Forecast test MSE: 0.236497 | Anomaly test MSE: 0.162986 | round 3759s
[2026-06-25 19:31:49] INFO | experiment | Round 5/10 | 170 clients
[2026-06-25 19:58:08] INFO | experiment |   [forecasting] 85 clients trained on cuda in 1579s
[2026-06-25 20:33:19] INFO | experiment |   [anomaly] 85 clients trained on cuda in 2111s
[2026-06-25 20:34:23] INFO | experiment |   Forecast test MSE: 0.238094 | Anomaly test MSE: 0.163615 | round 3754s
[2026-06-25 20:34:23] INFO | experiment | Round 6/10 | 170 clients
[2026-06-25 21:03:41] INFO | experiment |   [forecasting] 85 clients trained on cuda in 1758s
[2026-06-25 21:33:05] INFO | experiment |   [anomaly] 85 clients trained on cuda in 1764s
[2026-06-25 21:33:56] INFO | experiment |   Forecast test MSE: 0.240402 | Anomaly test MSE: 0.168514 | round 3573s
[2026-06-25 21:33:56] INFO | experiment | Round 7/10 | 170 clients
[2026-06-25 22:01:53] INFO | experiment |   [forecasting] 85 clients trained on cuda in 1677s
[2026-06-25 22:35:56] INFO | experiment |   [anomaly] 85 clients trained on cuda in 2043s
[2026-06-25 22:36:48] INFO | experiment |   Forecast test MSE: 0.240661 | Anomaly test MSE: 0.174981 | round 3772s
[2026-06-25 22:36:49] INFO | experiment | Round 8/10 | 170 clients
[2026-06-25 23:10:21] INFO | experiment |   [forecasting] 85 clients trained on cuda in 2012s
[2026-06-25 23:40:34] INFO | experiment |   [anomaly] 85 clients trained on cuda in 1812s
[2026-06-25 23:41:32] INFO | experiment |   Forecast test MSE: 0.241323 | Anomaly test MSE: 0.182893 | round 3883s
[2026-06-25 23:41:32] INFO | experiment | Round 9/10 | 170 clients
[2026-06-26 00:09:51] INFO | experiment |   [forecasting] 85 clients trained on cuda in 1699s
[2026-06-26 00:47:03] INFO | experiment |   [anomaly] 85 clients trained on cuda in 2232s
[2026-06-26 00:48:10] INFO | experiment |   Forecast test MSE: 0.242009 | Anomaly test MSE: 0.190622 | round 3998s
[2026-06-26 00:48:10] INFO | experiment | Round 10/10 | 170 clients
[2026-06-26 01:17:00] INFO | experiment |   [forecasting] 85 clients trained on cuda in 1730s
[2026-06-26 01:45:40] INFO | experiment |   [anomaly] 85 clients trained on cuda in 1720s
[2026-06-26 01:46:35] INFO | experiment |   Forecast test MSE: 0.242994 | Anomaly test MSE: 0.199600 | round 3505s
[2026-06-26 01:46:36] INFO | experiment | FL training completed in 38064.0s
[2026-06-26 01:46:36] INFO | experiment | --- Federated Forecasting Evaluation ---
[2026-06-26 01:46:58] INFO | experiment |   MSE: 0.243004
[2026-06-26 01:46:58] INFO | experiment |   RMSE: 0.492955
[2026-06-26 01:46:58] INFO | experiment |   MAE: 0.246066
[2026-06-26 01:46:58] INFO | experiment |   MAPE: 26.96%
[2026-06-26 01:46:58] INFO | experiment |   SMAPE: 18.067923
[2026-06-26 01:46:58] INFO | experiment |   WAPE: 6.128510
[2026-06-26 01:46:58] INFO | experiment |   NRMSE: 0.122775
[2026-06-26 01:46:58] INFO | experiment |   MASE: 3.088444
[2026-06-26 01:46:58] INFO | experiment |   RSE: 0.267965
[2026-06-26 01:46:58] INFO | experiment |   CORR: 0.963807
[2026-06-26 01:46:58] INFO | experiment |   R2: 0.928195
[2026-06-26 01:46:58] INFO | experiment | --- Federated Anomaly Detection Evaluation ---
[2026-06-26 01:47:32] INFO | experiment |   Threshold (from val): 0.030375
[2026-06-26 01:48:05] INFO | experiment |   F1: 0.4120
[2026-06-26 01:48:05] INFO | experiment |   AUC_ROC: 0.7537
[2026-06-26 01:48:05] INFO | experiment |   AUC_PR: 0.5715
[2026-06-26 01:48:05] INFO | experiment |   PRECISION: 0.2662
[2026-06-26 01:48:05] INFO | experiment |   RECALL: 0.9111
[2026-06-26 01:48:05] INFO | experiment | Results saved to /home/samy/yuvaraj/cross-task-fl-balances-experiments/results/federated_local_only_fedavg_c100_results.json
[2026-06-26 01:48:05] INFO | experiment | Models saved to /home/samy/yuvaraj/cross-task-fl-balances-experiments/checkpoints
[2026-06-26 01:48:15] INFO | experiment | ============================================================
[2026-06-26 01:48:15] INFO | experiment | STEP 6: GENERATING RESEARCH PAPER PLOTS
[2026-06-26 01:48:15] INFO | experiment | ============================================================
