[2026-06-28 15:40:35] INFO | experiment | Device: cuda
[2026-06-28 15:40:35] INFO | experiment | Cohort: 50 buildings/dataset (tag='_s43') | ashrae=/home/samy/yuvaraj/cross-task-fl-balances-experiments/data/ashrae/processed | lead=/home/samy/yuvaraj/cross-task-fl-balances-experiments/data/lead/processed
[2026-06-28 15:40:35] INFO | experiment | Mamba fused kernels: ON (selective_scan=True, causal_conv1d=True)
[2026-06-28 15:40:35] INFO | experiment | ============================================================
[2026-06-28 15:40:35] INFO | experiment | STEP 2: MULTI-TASK FEDERATED LEARNING
[2026-06-28 15:40:35] INFO | experiment |   Mode: local_only | Strategy: fedavg
[2026-06-28 15:40:35] INFO | experiment | ===========================================================[2026-06-28 15:52:45] INFO | experiment | Epoch 1/100 | train=0.132928 val=0.076863
[2026-06-28 17:53:25] INFO | experiment | Epoch 11/100 | train=0.107168 val=0.072254
[2026-06-28 19:55:56] INFO | experiment | Epoch 21/100 | train=0.102278 val=0.076617
[2026-06-28 21:49:05] INFO | experiment | Epoch 31/100 | train=0.098875 val=0.074704
[2026-06-28 21:49:05] INFO | experiment | Early stopping at epoch 31
[2026-06-28 21:49:26] INFO | experiment |   MSE: 0.165582
[2026-06-28 21:49:26] INFO | experiment |   RMSE: 0.406917
[2026-06-28 21:49:26] INFO | experiment |   MAE: 0.147333
[2026-06-28 21:49:26] INFO | experiment |   MAPE: 29.69%
[2026-06-28 21:49:26] INFO | experiment |   SMAPE: 10.336743
[2026-06-28 21:49:26] INFO | experiment |   WAPE: 3.669481
[2026-06-28 21:49:26] INFO | experiment |   NRMSE: 0.101347
[2026-06-28 21:49:26] INFO | experiment |   MASE: 1.849224
[2026-06-28 21:49:26] INFO | experiment |   RSE: 0.221196
[2026-06-28 21:49:26] INFO | experiment |   CORR: 0.975355
[2026-06-28 21:49:26] INFO | experiment |   R2: 0.951072
[2026-06-28 21:49:26] INFO | experiment | --- Centralized Anomaly Detection ---
[2026-06-28 22:03:12] INFO | experiment | Epoch 1/100 | train=0.446337 val=0.050048
[2026-06-29 00:24:28] INFO | experiment | Epoch 11/100 | train=0.402570 val=0.036495
[2026-06-29 02:46:04] INFO | experiment | Epoch 21/100 | train=0.402545 val=0.038229
[2026-06-29 05:03:59] INFO | experiment | Epoch 31/100 | train=0.401878 val=0.046287
[2026-06-29 05:03:59] INFO | experiment | Early stopping at epoch 31
[2026-06-29 05:05:11] INFO | experiment |   Threshold (from val): 0.007616
[2026-06-29 05:05:42] INFO | experiment |   F1: 0.5783
[2026-06-29 05:05:42] INFO | experiment |   AUC_ROC: 0.8456
[2026-06-29 05:05:42] INFO | experiment |   AUC_PR: 0.6851
[2026-06-29 05:05:42] INFO | experiment |   PRECISION: 0.5312
[2026-06-29 05:05:42] INFO | experiment |   RECALL: 0.6348
[2026-06-29 05:05:42] INFO | experiment | Results saved to /home/samy/yuvaraj/cross-task-fl-balances-experiments/results/centralized_c200_results.json
[2026-06-29 05:05:42] INFO | experiment | ============================================================
[2026-06-29 05:05:42] INFO | experiment | STEP 6: GENERATING RESEARCH PAPER PLOTS
[2026-06-29 05:05:42] INFO | experiment | ============================================================
t MSE: 0.163748 | round 1545s
[2026-06-28 17:55:29] INFO | experiment | Round 6/10 | 70 clients
[2026-06-28 18:07:12] INFO | experiment |   [forecasting] 35 clients trained on cuda in 703s
[2026-06-28 18:21:53] INFO | experiment |   [anomaly] 35 clients trained on cuda in 881s
[2026-06-28 18:21:53] INFO | experiment | Round 7/10 | 70 clients
[2026-06-28 18:36:57] INFO | experiment |   [forecasting] 35 clients trained on cuda in 903s
[2026-06-28 18:51:28] INFO | experiment |   [anomaly] 35 clients trained on cuda in 871s
[2026-06-28 18:51:28] INFO | experiment | Round 8/10 | 70 clients
[2026-06-28 19:02:36] INFO | experiment |   [forecasting] 35 clients trained on cuda in 668s
[2026-06-28 19:16:01] INFO | experiment |   [anomaly] 35 clients trained on cuda in 805s
[2026-06-28 19:16:02] INFO | experiment | Round 9/10 | 70 clients
[2026-06-28 19:28:01] INFO | experiment |   [forecasting] 35 clients trained on cuda in 719s
[2026-06-28 19:43:05] INFO | experiment |   [anomaly] 35 clients trained on cuda in 904s
[2026-06-28 19:43:06] INFO | experiment | Round 10/10 | 70 clients
[2026-06-28 19:57:28] INFO | experiment |   [forecasting] 35 clients trained on cuda in 862s
[2026-06-28 20:12:29] INFO | experiment |   [anomaly] 35 clients trained on cuda in 901s
[2026-06-28 20:13:39] INFO | experiment |   Forecast test MSE: 0.246588 | Anomaly test MSE: 0.173730 | round 1833s
[2026-06-28 20:13:39] INFO | experiment | FL training completed in 16369.6s
[2026-06-28 20:13:39] INFO | experiment | --- Federated Forecasting Evaluation ---
[2026-06-28 20:14:06] INFO | experiment |   MSE: 0.246598
[2026-06-28 20:14:06] INFO | experiment |   RMSE: 0.496587
[2026-06-28 20:14:06] INFO | experiment |   MAE: 0.244733
[2026-06-28 20:14:06] INFO | experiment |   MAPE: 20.75%
[2026-06-28 20:14:06] INFO | experiment |   SMAPE: 13.723050
[2026-06-28 20:14:06] INFO | experiment |   WAPE: 6.095324
[2026-06-28 20:14:06] INFO | experiment |   NRMSE: 0.123680
[2026-06-28 20:14:06] INFO | experiment |   MASE: 3.071720
[2026-06-28 20:14:06] INFO | experiment |   RSE: 0.269939
[2026-06-28 20:14:06] INFO | experiment |   CORR: 0.963136
[2026-06-28 20:14:06] INFO | experiment |   R2: 0.927133
[2026-06-28 20:14:06] INFO | experiment | --- Federated Anomaly Detection Evaluation ---
[2026-06-28 20:14:22] INFO | experiment |   Threshold (from val): 0.221608
[2026-06-28 20:15:04] INFO | experiment |   F1: 0.4803
[2026-06-28 20:15:04] INFO | experiment |   AUC_ROC: 0.7587
[2026-06-28 20:15:04] INFO | experiment |   AUC_PR: 0.5847
[2026-06-28 20:15:04] INFO | experiment |   PRECISION: 0.5964
[2026-06-28 20:15:04] INFO | experiment |   RECALL: 0.4021
[2026-06-28 20:15:04] INFO | experiment | Results saved to /home/samy/yuvaraj/cross-task-fl-balances-experiments/results/federated_local_only_fedavg_s43_results.json
[2026-06-28 20:15:04] INFO | experiment | Models saved to /home/samy/yuvaraj/cross-task-fl-balances-experiments/checkpoints
[2026-06-28 20:15:07] INFO | experiment | ============================================================
[2026-06-28 20:15:07] INFO | experiment | STEP 6: GENERATING RESEARCH PAPER PLOTS
[2026-06-28 20:15:07] INFO | experiment | ============================================================
