[2026-06-30 18:30:00] INFO | experiment | Device: cuda
[2026-06-30 18:30:00] INFO | experiment | Cohort: 50 buildings/dataset (tag='_share-decoders-gates') | ashrae=/home/samy/yuvaraj/cross-task-fl-balances-experiments/data/ashrae/processed | lead=/home/samy/yuvaraj/cross-task-fl-balances-experiments/data/lead/processed
[2026-06-30 18:30:00] INFO | experiment | Mamba fused kernels: ON (selective_scan=True, causal_conv1d=True)
[2026-06-30 18:30:00] INFO | experiment | ============================================================
[2026-06-30 18:30:00] INFO | experiment | STEP 2: MULTI-TASK FEDERATED LEARNING
[2026-06-30 18:30:00] INFO | experiment |   Mode: dual | Strategy: fedavg
[2026-06-30 18:30:00] INFO | experiment | ============================================================
[2026-06-30 18:30:15] INFO | experiment | Forecasting model params: 884,999
[2026-06-30 18:30:15] INFO | experiment | Anomaly model params:     976,623
[2026-06-30 18:30:15] INFO | experiment | Shared backbone params:   829,790
[2026-06-30 18:30:15] INFO | experiment | Forecasting head params:  55,209
[2026-06-30 18:30:15] INFO | experiment | Anomaly head params:      146,833
[2026-06-30 18:30:15] INFO | experiment | Single-GPU mode on cuda (available: 2, max: 1)
[2026-06-30 18:30:15] INFO | experiment | Backbone compatibility verified.
[2026-06-30 18:30:15] INFO | experiment | Multi-Task Federated Training
[2026-06-30 18:30:15] INFO | experiment |   Mode: dual | Strategy: fedavg
[2026-06-30 18:30:15] INFO | experiment |   Forecasting clients: 35
[2026-06-30 18:30:15] INFO | experiment |   Anomaly clients:     35
[2026-06-30 18:30:15] INFO | experiment |   Total clients:       70
[2026-06-30 18:30:15] INFO | experiment |   Rounds: 10, Local epochs: 5
[2026-06-30 18:30:15] INFO | experiment |   GPUs: 1
[2026-06-30 18:30:15] INFO | experiment | Round 1/10 | 70 clients
[2026-06-30 18:43:30] INFO | experiment |   [forecasting] 35 clients trained on cuda in 795s
[2026-06-30 19:03:39] INFO | experiment |   [anomaly] 35 clients trained on cuda in 1209s
[2026-06-30 19:03:39] INFO | experiment | Round 2/10 | 70 clients
[2026-06-30 19:17:54] INFO | experiment |   [forecasting] 35 clients trained on cuda in 854s
[2026-06-30 19:32:50] INFO | experiment |   [anomaly] 35 clients trained on cuda in 897s
[2026-06-30 19:32:51] INFO | experiment | Round 3/10 | 70 clients
[2026-06-30 19:46:03] INFO | experiment |   [forecasting] 35 clients trained on cuda in 792s
[2026-06-30 20:02:15] INFO | experiment |   [anomaly] 35 clients trained on cuda in 972s
[2026-06-30 20:02:16] INFO | experiment | Round 4/10 | 70 clients
[2026-06-30 20:15:14] INFO | experiment |   [forecasting] 35 clients trained on cuda in 778s
[2026-06-30 20:30:24] INFO | experiment |   [anomaly] 35 clients trained on cuda in 910s
[2026-06-30 20:30:25] INFO | experiment | Round 5/10 | 70 clients
[2026-06-30 20:44:49] INFO | experiment |   [forecasting] 35 clients trained on cuda in 864s
[2026-06-30 21:06:06] INFO | experiment |   [anomaly] 35 clients trained on cuda in 1277s
[2026-06-30 21:07:11] INFO | experiment |   Forecast test MSE: 0.198990 | Anomaly test MSE: 0.137769 | round 2207s
[2026-06-30 21:07:11] INFO | experiment | Round 6/10 | 70 clients
[2026-06-30 21:20:12] INFO | experiment |   [forecasting] 35 clients trained on cuda in 781s
[2026-06-30 21:35:32] INFO | experiment |   [anomaly] 35 clients trained on cuda in 920s
[2026-06-30 21:35:33] INFO | experiment | Round 7/10 | 70 clients
[2026-06-30 21:48:52] INFO | experiment |   [forecasting] 35 clients trained on cuda in 798s
[2026-06-30 22:04:00] INFO | experiment |   [anomaly] 35 clients trained on cuda in 909s
[2026-06-30 22:04:01] INFO | experiment | Round 8/10 | 70 clients
[2026-06-30 22:18:17] INFO | experiment |   [forecasting] 35 clients trained on cuda in 856s
[2026-06-30 22:34:52] INFO | experiment |   [anomaly] 35 clients trained on cuda in 995s
[2026-06-30 22:34:53] INFO | experiment | Round 9/10 | 70 clients
[2026-06-30 22:51:53] INFO | experiment |   [forecasting] 35 clients trained on cuda in 1021s
[2026-06-30 23:08:20] INFO | experiment |   [anomaly] 35 clients trained on cuda in 987s
[2026-06-30 23:08:21] INFO | experiment | Round 10/10 | 70 clients
[2026-06-30 23:20:29] INFO | experiment |   [forecasting] 35 clients trained on cuda in 728s
[2026-06-30 23:35:56] INFO | experiment |   [anomaly] 35 clients trained on cuda in 927s
[2026-06-30 23:37:08] INFO | experiment |   Forecast test MSE: 0.197993 | Anomaly test MSE: 0.135218 | round 1727s
[2026-06-30 23:37:08] INFO | experiment | FL training completed in 18412.9s
[2026-06-30 23:37:08] INFO | experiment | --- Federated Forecasting Evaluation ---
[2026-06-30 23:37:36] INFO | experiment |   MSE: 0.198002
[2026-06-30 23:37:36] INFO | experiment |   RMSE: 0.444974
[2026-06-30 23:37:36] INFO | experiment |   MAE: 0.196847
[2026-06-30 23:37:36] INFO | experiment |   MAPE: 27.64%
[2026-06-30 23:37:36] INFO | experiment |   SMAPE: 13.213478
[2026-06-30 23:37:36] INFO | experiment |   WAPE: 4.902653
[2026-06-30 23:37:36] INFO | experiment |   NRMSE: 0.110825
[2026-06-30 23:37:36] INFO | experiment |   MASE: 2.470677
[2026-06-30 23:37:36] INFO | experiment |   RSE: 0.241883
[2026-06-30 23:37:36] INFO | experiment |   CORR: 0.970307
[2026-06-30 23:37:36] INFO | experiment |   R2: 0.941492
[2026-06-30 23:37:36] INFO | experiment | --- Federated Anomaly Detection Evaluation ---
[2026-06-30 23:37:54] INFO | experiment |   Threshold (from val): 0.196794
[2026-06-30 23:38:37] INFO | experiment |   F1: 0.5272
[2026-06-30 23:38:37] INFO | experiment |   AUC_ROC: 0.8035
[2026-06-30 23:38:37] INFO | experiment |   AUC_PR: 0.6356
[2026-06-30 23:38:37] INFO | experiment |   PRECISION: 0.9773
[2026-06-30 23:38:37] INFO | experiment |   RECALL: 0.3610
[2026-06-30 23:38:37] INFO | experiment | Results saved to /home/samy/yuvaraj/cross-task-fl-balances-experiments/results/federated_dual_fedavg_share-decoders-gates_results.json
[2026-06-30 23:38:37] INFO | experiment | Models saved to /home/samy/yuvaraj/cross-task-fl-balances-experiments/checkpoints
[2026-06-30 23:38:41] INFO | experiment | ============================================================
[2026-06-30 23:38:41] INFO | experiment | STEP 6: GENERATING RESEARCH PAPER PLOTS
[2026-06-30 23:38:41] INFO | experiment | ============================================================
