Traceback (most recent call last):
  File "/home/samy/yuvaraj/cross-task-fl-balances-experiments/main.py", line 625, in <module>
    main()
  File "/home/samy/yuvaraj/cross-task-fl-balances-experiments/main.py", line 619, in main
    run_visualization(config, log)
  File "/home/samy/yuvaraj/cross-task-fl-balances-experiments/main.py", line 411, in run_visualization
    from visualization.plots import generate_all_plots
  File "/home/samy/yuvaraj/cross-task-fl-balances-experiments/visualization/plots.py", line 5, in <module>
    import matplotlib
  File "/home/samy/miniconda3/envs/yuv_fl/lib/python3.10/site-packages/matplotlib/__init__.py", line 159, in <module>
    from . import _api, _version, cbook, _docstring, rcsetup
  File "/home/samy/miniconda3/envs/yuv_fl/lib/python3.10/site-packages/matplotlib/rcsetup.py", line 33, in <module>
    from cycler import Cycler, cycler as ccycler
ModuleNotFoundError: No module named 'cycler'
ERROR conda.cli.main_run:execute(148): `conda run python main.py --centralized --cohort 200` failed. (See above for error)
[2026-06-28 15:40:35] INFO | experiment | Device: cuda
[2026-06-28 15:40:35] INFO | experiment | Cohort: 200 buildings/dataset (tag='_c200') | ashrae=/home/samy/yuvaraj/cross-task-fl-balances-experiments/data/ashrae/processed_c200 | lead=/home/samy/yuvaraj/cross-task-fl-balances-experiments/data/lead/processed_c200
[2026-06-28 15:40:35] INFO | experiment | Mamba fused kernels: ON (selective_scan=True, causal_conv1d=True)
[2026-06-28 15:40:35] INFO | experiment | ============================================================
[2026-06-28 15:40:35] INFO | experiment | STEP 3: CENTRALIZED BASELINES
[2026-06-28 15:40:35] INFO | experiment | ============================================================
[2026-06-28 15:40:35] INFO | experiment | --- Centralized Forecasting ---
[ASHRAE-Centralized] 729746 train, 212174 val, 85916 test windows (185 train + 15 test buildings)
[2026-06-28 15:52:45] INFO | experiment | Epoch 1/100 | train=0.132928 val=0.076863
[2026-06-28 17:53:25] INFO | experiment | Epoch 11/100 | train=0.107168 val=0.072254
[2026-06-28 19:55:56] INFO | experiment | Epoch 21/100 | train=0.102278 val=0.076617
[2026-06-28 21:49:05] INFO | experiment | Epoch 31/100 | train=0.098875 val=0.074704
[2026-06-28 21:49:05] INFO | experiment | Early stopping at epoch 31
[2026-06-28 21:49:26] INFO | experiment |   MSE: 0.165582
[2026-06-28 21:49:26] INFO | experiment |   RMSE: 0.406917
[2026-06-28 21:49:26] INFO | experiment |   MAE: 0.147333
[2026-06-28 21:49:26] INFO | experiment |   MAPE: 29.69%
[2026-06-28 21:49:26] INFO | experiment |   SMAPE: 10.336743
[2026-06-28 21:49:26] INFO | experiment |   WAPE: 3.669481
[2026-06-28 21:49:26] INFO | experiment |   NRMSE: 0.101347
[2026-06-28 21:49:26] INFO | experiment |   MASE: 1.849224
[2026-06-28 21:49:26] INFO | experiment |   RSE: 0.221196
[2026-06-28 21:49:26] INFO | experiment |   CORR: 0.975355
[2026-06-28 21:49:26] INFO | experiment |   R2: 0.951072
[2026-06-28 21:49:26] INFO | experiment | --- Centralized Anomaly Detection ---
[LEAD-Centralized] 835144 train (clean only), 300082 val, 129708 test windows (185 train + 15 test buildings)
[2026-06-28 22:03:12] INFO | experiment | Epoch 1/100 | train=0.446337 val=0.050048
[2026-06-29 00:24:28] INFO | experiment | Epoch 11/100 | train=0.402570 val=0.036495
[2026-06-29 02:46:04] INFO | experiment | Epoch 21/100 | train=0.402545 val=0.038229
[2026-06-29 05:03:59] INFO | experiment | Epoch 31/100 | train=0.401878 val=0.046287
[2026-06-29 05:03:59] INFO | experiment | Early stopping at epoch 31
[2026-06-29 05:05:11] INFO | experiment |   Threshold (from val): 0.007616
[2026-06-29 05:05:42] INFO | experiment |   F1: 0.5783
[2026-06-29 05:05:42] INFO | experiment |   AUC_ROC: 0.8456
[2026-06-29 05:05:42] INFO | experiment |   AUC_PR: 0.6851
[2026-06-29 05:05:42] INFO | experiment |   PRECISION: 0.5312
[2026-06-29 05:05:42] INFO | experiment |   RECALL: 0.6348
[2026-06-29 05:05:42] INFO | experiment | Results saved to /home/samy/yuvaraj/cross-task-fl-balances-experiments/results/centralized_c200_results.json
[2026-06-29 05:05:42] INFO | experiment | ============================================================
[2026-06-29 05:05:42] INFO | experiment | STEP 6: GENERATING RESEARCH PAPER PLOTS
[2026-06-29 05:05:42] INFO | experiment | ============================================================
