Traceback (most recent call last):
  File "/home/samy/yuvaraj/cross-task-fl-balances-experiments/main.py", line 625, in <module>
    main()
  File "/home/samy/yuvaraj/cross-task-fl-balances-experiments/main.py", line 619, in main
    run_visualization(config, log)
  File "/home/samy/yuvaraj/cross-task-fl-balances-experiments/main.py", line 411, in run_visualization
    from visualization.plots import generate_all_plots
  File "/home/samy/yuvaraj/cross-task-fl-balances-experiments/visualization/plots.py", line 5, in <module>
    import matplotlib
  File "/home/samy/miniconda3/envs/yuv_fl/lib/python3.10/site-packages/matplotlib/__init__.py", line 159, in <module>
    from . import _api, _version, cbook, _docstring, rcsetup
  File "/home/samy/miniconda3/envs/yuv_fl/lib/python3.10/site-packages/matplotlib/rcsetup.py", line 33, in <module>
    from cycler import Cycler, cycler as ccycler
ModuleNotFoundError: No module named 'cycler'
ERROR conda.cli.main_run:execute(148): `conda run python main.py --federated --mode local_only --strategy fedavg --cohort 50 --seed 46 --eval-every 5` failed. (See above for error)
[2026-06-29 14:06:17] INFO | experiment | Device: cuda
[2026-06-29 14:06:17] INFO | experiment | Cohort: 50 buildings/dataset (tag='_s46') | ashrae=/home/samy/yuvaraj/cross-task-fl-balances-experiments/data/ashrae/processed | lead=/home/samy/yuvaraj/cross-task-fl-balances-experiments/data/lead/processed
[2026-06-29 14:06:17] INFO | experiment | Mamba fused kernels: ON (selective_scan=True, causal_conv1d=True)
[2026-06-29 14:06:17] INFO | experiment | ============================================================
[2026-06-29 14:06:17] INFO | experiment | STEP 2: MULTI-TASK FEDERATED LEARNING
[2026-06-29 14:06:17] INFO | experiment |   Mode: local_only | Strategy: fedavg
[2026-06-29 14:06:17] INFO | experiment | ============================================================
[FL-ASHRAE] 35 clients, 15 test buildings
[FL-ASHRAE] 35 active clients, 85916 test windows
[FL-LEAD] 35 clients, 15 test buildings
[FL-LEAD] 35 active clients, 56934 val, 129708 test windows
[2026-06-29 14:06:30] INFO | experiment | Forecasting model params: 884,999
[2026-06-29 14:06:30] INFO | experiment | Anomaly model params:     976,623
[2026-06-29 14:06:30] INFO | experiment | Shared backbone params:   829,790
[2026-06-29 14:06:30] INFO | experiment | Forecasting head params:  55,209
[2026-06-29 14:06:30] INFO | experiment | Anomaly head params:      146,833
[2026-06-29 14:06:30] INFO | experiment | Single-GPU mode on cuda (available: 1, max: 1)
[2026-06-29 14:06:30] INFO | experiment | Backbone compatibility verified.
[2026-06-29 14:06:30] INFO | experiment | Multi-Task Federated Training
[2026-06-29 14:06:30] INFO | experiment |   Mode: local_only | Strategy: fedavg
[2026-06-29 14:06:30] INFO | experiment |   Forecasting clients: 35
[2026-06-29 14:06:30] INFO | experiment |   Anomaly clients:     35
[2026-06-29 14:06:30] INFO | experiment |   Total clients:       70
[2026-06-29 14:06:30] INFO | experiment |   Rounds: 10, Local epochs: 5
[2026-06-29 14:06:30] INFO | experiment |   GPUs: 1
[2026-06-29 14:06:30] INFO | experiment | Round 1/10 | 70 clients
[2026-06-29 14:18:06] INFO | experiment |   [forecasting] 35 clients trained on cuda in 696s
[2026-06-29 14:32:15] INFO | experiment |   [anomaly] 35 clients trained on cuda in 848s
[2026-06-29 14:32:15] INFO | experiment | Round 2/10 | 70 clients
[2026-06-29 14:44:06] INFO | experiment |   [forecasting] 35 clients trained on cuda in 711s
[2026-06-29 14:58:05] INFO | experiment |   [anomaly] 35 clients trained on cuda in 839s
[2026-06-29 14:58:06] INFO | experiment | Round 3/10 | 70 clients
[2026-06-29 15:09:28] INFO | experiment |   [forecasting] 35 clients trained on cuda in 682s
[2026-06-29 15:23:19] INFO | experiment |   [anomaly] 35 clients trained on cuda in 831s
[2026-06-29 15:23:19] INFO | experiment | Round 4/10 | 70 clients
[2026-06-29 15:35:56] INFO | experiment |   [forecasting] 35 clients trained on cuda in 757s
[2026-06-29 15:50:57] INFO | experiment |   [anomaly] 35 clients trained on cuda in 901s
[2026-06-29 15:50:57] INFO | experiment | Round 5/10 | 70 clients
[2026-06-29 16:03:54] INFO | experiment |   [forecasting] 35 clients trained on cuda in 777s
[2026-06-29 16:21:40] INFO | experiment |   [anomaly] 35 clients trained on cuda in 1065s
[2026-06-29 16:22:56] INFO | experiment |   Forecast test MSE: 0.225347 | Anomaly test MSE: 0.157953 | round 1919s
[2026-06-29 16:22:56] INFO | experiment | Round 6/10 | 70 clients
[2026-06-29 16:37:46] INFO | experiment |   [forecasting] 35 clients trained on cuda in 889s
[2026-06-29 16:54:09] INFO | experiment |   [anomaly] 35 clients trained on cuda in 984s
[2026-06-29 16:54:10] INFO | experiment | Round 7/10 | 70 clients
[2026-06-29 17:05:57] INFO | experiment |   [forecasting] 35 clients trained on cuda in 707s
[2026-06-29 17:19:17] INFO | experiment |   [anomaly] 35 clients trained on cuda in 800s
[2026-06-29 17:19:17] INFO | experiment | Round 8/10 | 70 clients
[2026-06-29 17:30:17] INFO | experiment |   [forecasting] 35 clients trained on cuda in 660s
[2026-06-29 17:44:16] INFO | experiment |   [anomaly] 35 clients trained on cuda in 839s
[2026-06-29 17:44:17] INFO | experiment | Round 9/10 | 70 clients
[2026-06-29 17:56:22] INFO | experiment |   [forecasting] 35 clients trained on cuda in 726s
[2026-06-29 18:10:42] INFO | experiment |   [anomaly] 35 clients trained on cuda in 860s
[2026-06-29 18:10:43] INFO | experiment | Round 10/10 | 70 clients
[2026-06-29 18:23:08] INFO | experiment |   [forecasting] 35 clients trained on cuda in 745s
[2026-06-29 18:39:39] INFO | experiment |   [anomaly] 35 clients trained on cuda in 991s
[2026-06-29 18:40:46] INFO | experiment |   Forecast test MSE: 0.230412 | Anomaly test MSE: 0.160513 | round 1803s
[2026-06-29 18:40:46] INFO | experiment | FL training completed in 16455.4s
[2026-06-29 18:40:46] INFO | experiment | --- Federated Forecasting Evaluation ---
[2026-06-29 18:41:15] INFO | experiment |   MSE: 0.230422
[2026-06-29 18:41:15] INFO | experiment |   RMSE: 0.480023
[2026-06-29 18:41:15] INFO | experiment |   MAE: 0.230028
[2026-06-29 18:41:15] INFO | experiment |   MAPE: 21.20%
[2026-06-29 18:41:15] INFO | experiment |   SMAPE: 13.345161
[2026-06-29 18:41:15] INFO | experiment |   WAPE: 5.729076
[2026-06-29 18:41:15] INFO | experiment |   NRMSE: 0.119554
[2026-06-29 18:41:15] INFO | experiment |   MASE: 2.887150
[2026-06-29 18:41:15] INFO | experiment |   RSE: 0.260935
[2026-06-29 18:41:15] INFO | experiment |   CORR: 0.965509
[2026-06-29 18:41:15] INFO | experiment |   R2: 0.931913
[2026-06-29 18:41:15] INFO | experiment | --- Federated Anomaly Detection Evaluation ---
[2026-06-29 18:41:33] INFO | experiment |   Threshold (from val): 0.238754
[2026-06-29 18:42:14] INFO | experiment |   F1: 0.4971
[2026-06-29 18:42:14] INFO | experiment |   AUC_ROC: 0.7668
[2026-06-29 18:42:14] INFO | experiment |   AUC_PR: 0.5963
[2026-06-29 18:42:14] INFO | experiment |   PRECISION: 0.7435
[2026-06-29 18:42:14] INFO | experiment |   RECALL: 0.3733
[2026-06-29 18:42:14] INFO | experiment | Results saved to /home/samy/yuvaraj/cross-task-fl-balances-experiments/results/federated_local_only_fedavg_s46_results.json
[2026-06-29 18:42:14] INFO | experiment | Models saved to /home/samy/yuvaraj/cross-task-fl-balances-experiments/checkpoints
[2026-06-29 18:42:17] INFO | experiment | ============================================================
[2026-06-29 18:42:17] INFO | experiment | STEP 6: GENERATING RESEARCH PAPER PLOTS
[2026-06-29 18:42:17] INFO | experiment | ============================================================
