Traceback (most recent call last):
  File "/home/samy/yuvaraj/cross-task-fl-balances-experiments/main.py", line 625, in <module>
    main()
  File "/home/samy/yuvaraj/cross-task-fl-balances-experiments/main.py", line 619, in main
    run_visualization(config, log)
  File "/home/samy/yuvaraj/cross-task-fl-balances-experiments/main.py", line 411, in run_visualization
    from visualization.plots import generate_all_plots
  File "/home/samy/yuvaraj/cross-task-fl-balances-experiments/visualization/plots.py", line 5, in <module>
    import matplotlib
  File "/home/samy/miniconda3/envs/yuv_fl/lib/python3.10/site-packages/matplotlib/__init__.py", line 159, in <module>
    from . import _api, _version, cbook, _docstring, rcsetup
  File "/home/samy/miniconda3/envs/yuv_fl/lib/python3.10/site-packages/matplotlib/rcsetup.py", line 33, in <module>
    from cycler import Cycler, cycler as ccycler
ModuleNotFoundError: No module named 'cycler'
ERROR conda.cli.main_run:execute(148): `conda run python main.py --federated --mode local_only --strategy fedavg --cohort 50 --seed 44 --eval-every 5` failed. (See above for error)
[2026-06-29 05:05:49] INFO | experiment | Device: cuda
[2026-06-29 05:05:49] INFO | experiment | Cohort: 50 buildings/dataset (tag='_s44') | ashrae=/home/samy/yuvaraj/cross-task-fl-balances-experiments/data/ashrae/processed | lead=/home/samy/yuvaraj/cross-task-fl-balances-experiments/data/lead/processed
[2026-06-29 05:05:49] INFO | experiment | Mamba fused kernels: ON (selective_scan=True, causal_conv1d=True)
[2026-06-29 05:05:49] INFO | experiment | ============================================================
[2026-06-29 05:05:49] INFO | experiment | STEP 2: MULTI-TASK FEDERATED LEARNING
[2026-06-29 05:05:49] INFO | experiment |   Mode: local_only | Strategy: fedavg
[2026-06-29 05:05:49] INFO | experiment | ============================================================
[FL-ASHRAE] 35 clients, 15 test buildings
[FL-ASHRAE] 35 active clients, 85916 test windows
[FL-LEAD] 35 clients, 15 test buildings
[FL-LEAD] 35 active clients, 56934 val, 129708 test windows
[2026-06-29 05:06:03] INFO | experiment | Forecasting model params: 884,999
[2026-06-29 05:06:03] INFO | experiment | Anomaly model params:     976,623
[2026-06-29 05:06:03] INFO | experiment | Shared backbone params:   829,790
[2026-06-29 05:06:03] INFO | experiment | Forecasting head params:  55,209
[2026-06-29 05:06:03] INFO | experiment | Anomaly head params:      146,833
[2026-06-29 05:06:04] INFO | experiment | Single-GPU mode on cuda (available: 1, max: 1)
[2026-06-29 05:06:04] INFO | experiment | Backbone compatibility verified.
[2026-06-29 05:06:04] INFO | experiment | Multi-Task Federated Training
[2026-06-29 05:06:04] INFO | experiment |   Mode: local_only | Strategy: fedavg
[2026-06-29 05:06:04] INFO | experiment |   Forecasting clients: 35
[2026-06-29 05:06:04] INFO | experiment |   Anomaly clients:     35
[2026-06-29 05:06:04] INFO | experiment |   Total clients:       70
[2026-06-29 05:06:04] INFO | experiment |   Rounds: 10, Local epochs: 5
[2026-06-29 05:06:04] INFO | experiment |   GPUs: 1
[2026-06-29 05:06:04] INFO | experiment | Round 1/10 | 70 clients
[2026-06-29 05:16:51] INFO | experiment |   [forecasting] 35 clients trained on cuda in 648s
[2026-06-29 05:29:49] INFO | experiment |   [anomaly] 35 clients trained on cuda in 778s
[2026-06-29 05:29:50] INFO | experiment | Round 2/10 | 70 clients
[2026-06-29 05:41:31] INFO | experiment |   [forecasting] 35 clients trained on cuda in 701s
[2026-06-29 05:54:47] INFO | experiment |   [anomaly] 35 clients trained on cuda in 796s
[2026-06-29 05:54:47] INFO | experiment | Round 3/10 | 70 clients
[2026-06-29 06:07:15] INFO | experiment |   [forecasting] 35 clients trained on cuda in 748s
[2026-06-29 06:22:35] INFO | experiment |   [anomaly] 35 clients trained on cuda in 920s
[2026-06-29 06:22:35] INFO | experiment | Round 4/10 | 70 clients
[2026-06-29 06:35:31] INFO | experiment |   [forecasting] 35 clients trained on cuda in 775s
[2026-06-29 06:52:59] INFO | experiment |   [anomaly] 35 clients trained on cuda in 1049s
[2026-06-29 06:53:00] INFO | experiment | Round 5/10 | 70 clients
[2026-06-29 07:08:04] INFO | experiment |   [forecasting] 35 clients trained on cuda in 904s
[2026-06-29 07:24:16] INFO | experiment |   [anomaly] 35 clients trained on cuda in 972s
[2026-06-29 07:25:26] INFO | experiment |   Forecast test MSE: 0.234033 | Anomaly test MSE: 0.157938 | round 1947s
[2026-06-29 07:25:27] INFO | experiment | Round 6/10 | 70 clients
[2026-06-29 07:36:34] INFO | experiment |   [forecasting] 35 clients trained on cuda in 667s
[2026-06-29 07:49:54] INFO | experiment |   [anomaly] 35 clients trained on cuda in 800s
[2026-06-29 07:49:55] INFO | experiment | Round 7/10 | 70 clients
[2026-06-29 08:00:36] INFO | experiment |   [forecasting] 35 clients trained on cuda in 642s
[2026-06-29 08:13:13] INFO | experiment |   [anomaly] 35 clients trained on cuda in 757s
[2026-06-29 08:13:14] INFO | experiment | Round 8/10 | 70 clients
[2026-06-29 08:24:50] INFO | experiment |   [forecasting] 35 clients trained on cuda in 697s
[2026-06-29 08:39:50] INFO | experiment |   [anomaly] 35 clients trained on cuda in 900s
[2026-06-29 08:39:51] INFO | experiment | Round 9/10 | 70 clients
[2026-06-29 08:52:20] INFO | experiment |   [forecasting] 35 clients trained on cuda in 749s
[2026-06-29 09:05:36] INFO | experiment |   [anomaly] 35 clients trained on cuda in 796s
[2026-06-29 09:05:36] INFO | experiment | Round 10/10 | 70 clients
[2026-06-29 09:16:11] INFO | experiment |   [forecasting] 35 clients trained on cuda in 635s
[2026-06-29 09:28:42] INFO | experiment |   [anomaly] 35 clients trained on cuda in 751s
[2026-06-29 09:29:40] INFO | experiment |   Forecast test MSE: 0.237742 | Anomaly test MSE: 0.161507 | round 1444s
[2026-06-29 09:29:41] INFO | experiment | FL training completed in 15817.2s
[2026-06-29 09:29:41] INFO | experiment | --- Federated Forecasting Evaluation ---
[2026-06-29 09:30:03] INFO | experiment |   MSE: 0.237752
[2026-06-29 09:30:03] INFO | experiment |   RMSE: 0.487599
[2026-06-29 09:30:03] INFO | experiment |   MAE: 0.235453
[2026-06-29 09:30:03] INFO | experiment |   MAPE: 21.49%
[2026-06-29 09:30:03] INFO | experiment |   SMAPE: 14.455618
[2026-06-29 09:30:03] INFO | experiment |   WAPE: 5.864189
[2026-06-29 09:30:03] INFO | experiment |   NRMSE: 0.121441
[2026-06-29 09:30:03] INFO | experiment |   MASE: 2.955240
[2026-06-29 09:30:03] INFO | experiment |   RSE: 0.265054
[2026-06-29 09:30:03] INFO | experiment |   CORR: 0.964431
[2026-06-29 09:30:03] INFO | experiment |   R2: 0.929747
[2026-06-29 09:30:03] INFO | experiment | --- Federated Anomaly Detection Evaluation ---
[2026-06-29 09:30:18] INFO | experiment |   Threshold (from val): 0.249873
[2026-06-29 09:30:51] INFO | experiment |   F1: 0.4947
[2026-06-29 09:30:51] INFO | experiment |   AUC_ROC: 0.7580
[2026-06-29 09:30:51] INFO | experiment |   AUC_PR: 0.5885
[2026-06-29 09:30:51] INFO | experiment |   PRECISION: 0.7437
[2026-06-29 09:30:51] INFO | experiment |   RECALL: 0.3706
[2026-06-29 09:30:51] INFO | experiment | Results saved to /home/samy/yuvaraj/cross-task-fl-balances-experiments/results/federated_local_only_fedavg_s44_results.json
[2026-06-29 09:30:51] INFO | experiment | Models saved to /home/samy/yuvaraj/cross-task-fl-balances-experiments/checkpoints
[2026-06-29 09:30:54] INFO | experiment | ============================================================
[2026-06-29 09:30:54] INFO | experiment | STEP 6: GENERATING RESEARCH PAPER PLOTS
[2026-06-29 09:30:54] INFO | experiment | ============================================================
