Traceback (most recent call last):
  File "/home/samy/yuvaraj/cross-task-fl-balances-experiments/main.py", line 625, in <module>
    main()
  File "/home/samy/yuvaraj/cross-task-fl-balances-experiments/main.py", line 619, in main
    run_visualization(config, log)
  File "/home/samy/yuvaraj/cross-task-fl-balances-experiments/main.py", line 411, in run_visualization
    from visualization.plots import generate_all_plots
  File "/home/samy/yuvaraj/cross-task-fl-balances-experiments/visualization/plots.py", line 5, in <module>
    import matplotlib
  File "/home/samy/miniconda3/envs/yuv_fl/lib/python3.10/site-packages/matplotlib/__init__.py", line 159, in <module>
    from . import _api, _version, cbook, _docstring, rcsetup
  File "/home/samy/miniconda3/envs/yuv_fl/lib/python3.10/site-packages/matplotlib/rcsetup.py", line 33, in <module>
    from cycler import Cycler, cycler as ccycler
ModuleNotFoundError: No module named 'cycler'
ERROR conda.cli.main_run:execute(148): `conda run python main.py --federated --mode dual --strategy fedavg --cohort 50 --seed 45 --eval-every 5` failed. (See above for error)
[2026-06-28 02:11:40] INFO | experiment | Device: cuda
[2026-06-28 02:11:40] INFO | experiment | Cohort: 50 buildings/dataset (tag='_s45') | ashrae=/home/samy/yuvaraj/cross-task-fl-balances-experiments/data/ashrae/processed | lead=/home/samy/yuvaraj/cross-task-fl-balances-experiments/data/lead/processed
[2026-06-28 02:11:40] INFO | experiment | Mamba fused kernels: ON (selective_scan=True, causal_conv1d=True)
[2026-06-28 02:11:40] INFO | experiment | ============================================================
[2026-06-28 02:11:40] INFO | experiment | STEP 2: MULTI-TASK FEDERATED LEARNING
[2026-06-28 02:11:40] INFO | experiment |   Mode: dual | Strategy: fedavg
[2026-06-28 02:11:40] INFO | experiment | ============================================================
[FL-ASHRAE] 35 clients, 15 test buildings
[FL-ASHRAE] 35 active clients, 85916 test windows
[FL-LEAD] 35 clients, 15 test buildings
[FL-LEAD] 35 active clients, 56934 val, 129708 test windows
[2026-06-28 02:11:54] INFO | experiment | Forecasting model params: 884,999
[2026-06-28 02:11:54] INFO | experiment | Anomaly model params:     976,623
[2026-06-28 02:11:54] INFO | experiment | Shared backbone params:   829,790
[2026-06-28 02:11:54] INFO | experiment | Forecasting head params:  55,209
[2026-06-28 02:11:54] INFO | experiment | Anomaly head params:      146,833
[2026-06-28 02:11:54] INFO | experiment | Single-GPU mode on cuda (available: 1, max: 1)
[2026-06-28 02:11:54] INFO | experiment | Backbone compatibility verified.
[2026-06-28 02:11:54] INFO | experiment | Multi-Task Federated Training
[2026-06-28 02:11:54] INFO | experiment |   Mode: dual | Strategy: fedavg
[2026-06-28 02:11:54] INFO | experiment |   Forecasting clients: 35
[2026-06-28 02:11:54] INFO | experiment |   Anomaly clients:     35
[2026-06-28 02:11:54] INFO | experiment |   Total clients:       70
[2026-06-28 02:11:54] INFO | experiment |   Rounds: 10, Local epochs: 5
[2026-06-28 02:11:54] INFO | experiment |   GPUs: 1
[2026-06-28 02:11:54] INFO | experiment | Round 1/10 | 70 clients
[2026-06-28 02:22:56] INFO | experiment |   [forecasting] 35 clients trained on cuda in 663s
[2026-06-28 02:35:37] INFO | experiment |   [anomaly] 35 clients trained on cuda in 761s
[2026-06-28 02:35:38] INFO | experiment | Round 2/10 | 70 clients
[2026-06-28 02:47:30] INFO | experiment |   [forecasting] 35 clients trained on cuda in 712s
[2026-06-28 03:04:09] INFO | experiment |   [anomaly] 35 clients trained on cuda in 999s
[2026-06-28 03:04:09] INFO | experiment | Round 3/10 | 70 clients
[2026-06-28 03:17:29] INFO | experiment |   [forecasting] 35 clients trained on cuda in 800s
[2026-06-28 03:29:39] INFO | experiment |   [anomaly] 35 clients trained on cuda in 730s
[2026-06-28 03:29:40] INFO | experiment | Round 4/10 | 70 clients
[2026-06-28 03:40:00] INFO | experiment |   [forecasting] 35 clients trained on cuda in 620s
[2026-06-28 03:52:14] INFO | experiment |   [anomaly] 35 clients trained on cuda in 734s
[2026-06-28 03:52:15] INFO | experiment | Round 5/10 | 70 clients
[2026-06-28 04:03:15] INFO | experiment |   [forecasting] 35 clients trained on cuda in 660s
[2026-06-28 04:16:29] INFO | experiment |   [anomaly] 35 clients trained on cuda in 794s
[2026-06-28 04:17:26] INFO | experiment |   Forecast test MSE: 0.207501 | Anomaly test MSE: 0.097732 | round 1511s
[2026-06-28 04:17:26] INFO | experiment | Round 6/10 | 70 clients
[2026-06-28 04:29:41] INFO | experiment |   [forecasting] 35 clients trained on cuda in 734s
[2026-06-28 04:43:22] INFO | experiment |   [anomaly] 35 clients trained on cuda in 822s
[2026-06-28 04:43:23] INFO | experiment | Round 7/10 | 70 clients
[2026-06-28 04:54:13] INFO | experiment |   [forecasting] 35 clients trained on cuda in 650s
[2026-06-28 05:08:49] INFO | experiment |   [anomaly] 35 clients trained on cuda in 876s
[2026-06-28 05:08:49] INFO | experiment | Round 8/10 | 70 clients
[2026-06-28 05:22:40] INFO | experiment |   [forecasting] 35 clients trained on cuda in 831s
[2026-06-28 05:38:58] INFO | experiment |   [anomaly] 35 clients trained on cuda in 977s
[2026-06-28 05:38:58] INFO | experiment | Round 9/10 | 70 clients
[2026-06-28 05:48:57] INFO | experiment |   [forecasting] 35 clients trained on cuda in 599s
[2026-06-28 06:01:14] INFO | experiment |   [anomaly] 35 clients trained on cuda in 738s
[2026-06-28 06:01:15] INFO | experiment | Round 10/10 | 70 clients
[2026-06-28 06:11:24] INFO | experiment |   [forecasting] 35 clients trained on cuda in 610s
[2026-06-28 06:24:21] INFO | experiment |   [anomaly] 35 clients trained on cuda in 777s
[2026-06-28 06:25:21] INFO | experiment |   Forecast test MSE: 0.204644 | Anomaly test MSE: 0.091263 | round 1447s
[2026-06-28 06:25:22] INFO | experiment | FL training completed in 15208.0s
[2026-06-28 06:25:22] INFO | experiment | --- Federated Forecasting Evaluation ---
[2026-06-28 06:25:46] INFO | experiment |   MSE: 0.204653
[2026-06-28 06:25:46] INFO | experiment |   RMSE: 0.452386
[2026-06-28 06:25:46] INFO | experiment |   MAE: 0.202105
[2026-06-28 06:25:46] INFO | experiment |   MAPE: 26.89%
[2026-06-28 06:25:46] INFO | experiment |   SMAPE: 14.503397
[2026-06-28 06:25:46] INFO | experiment |   WAPE: 5.033631
[2026-06-28 06:25:46] INFO | experiment |   NRMSE: 0.112671
[2026-06-28 06:25:46] INFO | experiment |   MASE: 2.536683
[2026-06-28 06:25:46] INFO | experiment |   RSE: 0.245912
[2026-06-28 06:25:46] INFO | experiment |   CORR: 0.969329
[2026-06-28 06:25:46] INFO | experiment |   R2: 0.939527
[2026-06-28 06:25:46] INFO | experiment | --- Federated Anomaly Detection Evaluation ---
[2026-06-28 06:26:02] INFO | experiment |   Threshold (from val): 0.122946
[2026-06-28 06:26:39] INFO | experiment |   F1: 0.5345
[2026-06-28 06:26:39] INFO | experiment |   AUC_ROC: 0.8081
[2026-06-28 06:26:39] INFO | experiment |   AUC_PR: 0.6500
[2026-06-28 06:26:39] INFO | experiment |   PRECISION: 0.9821
[2026-06-28 06:26:39] INFO | experiment |   RECALL: 0.3672
[2026-06-28 06:26:39] INFO | experiment | Results saved to /home/samy/yuvaraj/cross-task-fl-balances-experiments/results/federated_dual_fedavg_s45_results.json
[2026-06-28 06:26:39] INFO | experiment | Models saved to /home/samy/yuvaraj/cross-task-fl-balances-experiments/checkpoints
[2026-06-28 06:26:42] INFO | experiment | ============================================================
[2026-06-28 06:26:42] INFO | experiment | STEP 6: GENERATING RESEARCH PAPER PLOTS
[2026-06-28 06:26:42] INFO | experiment | ============================================================
