Traceback (most recent call last):
  File "/home/samy/yuvaraj/cross-task-fl-balances-experiments/main.py", line 625, in <module>
    main()
  File "/home/samy/yuvaraj/cross-task-fl-balances-experiments/main.py", line 619, in main
    run_visualization(config, log)
  File "/home/samy/yuvaraj/cross-task-fl-balances-experiments/main.py", line 411, in run_visualization
    from visualization.plots import generate_all_plots
  File "/home/samy/yuvaraj/cross-task-fl-balances-experiments/visualization/plots.py", line 5, in <module>
    import matplotlib
  File "/home/samy/miniconda3/envs/yuv_fl/lib/python3.10/site-packages/matplotlib/__init__.py", line 159, in <module>
    from . import _api, _version, cbook, _docstring, rcsetup
  File "/home/samy/miniconda3/envs/yuv_fl/lib/python3.10/site-packages/matplotlib/rcsetup.py", line 33, in <module>
    from cycler import Cycler, cycler as ccycler
ModuleNotFoundError: No module named 'cycler'
ERROR conda.cli.main_run:execute(148): `conda run python main.py --federated --mode local_only --strategy fedavg --cohort 50 --seed 47 --eval-every 5` failed. (See above for error)
[2026-06-29 18:42:25] INFO | experiment | Device: cuda
[2026-06-29 18:42:25] INFO | experiment | Cohort: 50 buildings/dataset (tag='_s47') | ashrae=/home/samy/yuvaraj/cross-task-fl-balances-experiments/data/ashrae/processed | lead=/home/samy/yuvaraj/cross-task-fl-balances-experiments/data/lead/processed
[2026-06-29 18:42:25] INFO | experiment | Mamba fused kernels: ON (selective_scan=True, causal_conv1d=True)
[2026-06-29 18:42:25] INFO | experiment | ============================================================
[2026-06-29 18:42:25] INFO | experiment | STEP 2: MULTI-TASK FEDERATED LEARNING
[2026-06-29 18:42:25] INFO | experiment |   Mode: local_only | Strategy: fedavg
[2026-06-29 18:42:25] INFO | experiment | ============================================================
[FL-ASHRAE] 35 clients, 15 test buildings
[FL-ASHRAE] 35 active clients, 85916 test windows
[FL-LEAD] 35 clients, 15 test buildings
[FL-LEAD] 35 active clients, 56934 val, 129708 test windows
[2026-06-29 18:42:38] INFO | experiment | Forecasting model params: 884,999
[2026-06-29 18:42:38] INFO | experiment | Anomaly model params:     976,623
[2026-06-29 18:42:38] INFO | experiment | Shared backbone params:   829,790
[2026-06-29 18:42:38] INFO | experiment | Forecasting head params:  55,209
[2026-06-29 18:42:38] INFO | experiment | Anomaly head params:      146,833
[2026-06-29 18:42:38] INFO | experiment | Single-GPU mode on cuda (available: 1, max: 1)
[2026-06-29 18:42:38] INFO | experiment | Backbone compatibility verified.
[2026-06-29 18:42:38] INFO | experiment | Multi-Task Federated Training
[2026-06-29 18:42:38] INFO | experiment |   Mode: local_only | Strategy: fedavg
[2026-06-29 18:42:38] INFO | experiment |   Forecasting clients: 35
[2026-06-29 18:42:38] INFO | experiment |   Anomaly clients:     35
[2026-06-29 18:42:38] INFO | experiment |   Total clients:       70
[2026-06-29 18:42:38] INFO | experiment |   Rounds: 10, Local epochs: 5
[2026-06-29 18:42:38] INFO | experiment |   GPUs: 1
[2026-06-29 18:42:38] INFO | experiment | Round 1/10 | 70 clients
[2026-06-29 18:54:04] INFO | experiment |   [forecasting] 35 clients trained on cuda in 686s
[2026-06-29 19:08:08] INFO | experiment |   [anomaly] 35 clients trained on cuda in 843s
[2026-06-29 19:08:08] INFO | experiment | Round 2/10 | 70 clients
[2026-06-29 19:19:30] INFO | experiment |   [forecasting] 35 clients trained on cuda in 682s
[2026-06-29 19:33:26] INFO | experiment |   [anomaly] 35 clients trained on cuda in 836s
[2026-06-29 19:33:26] INFO | experiment | Round 3/10 | 70 clients
[2026-06-29 19:45:35] INFO | experiment |   [forecasting] 35 clients trained on cuda in 729s
[2026-06-29 19:59:06] INFO | experiment |   [anomaly] 35 clients trained on cuda in 811s
[2026-06-29 19:59:07] INFO | experiment | Round 4/10 | 70 clients
[2026-06-29 20:11:46] INFO | experiment |   [forecasting] 35 clients trained on cuda in 759s
[2026-06-29 20:26:23] INFO | experiment |   [anomaly] 35 clients trained on cuda in 878s
[2026-06-29 20:26:24] INFO | experiment | Round 5/10 | 70 clients
[2026-06-29 20:38:38] INFO | experiment |   [forecasting] 35 clients trained on cuda in 733s
[2026-06-29 20:56:09] INFO | experiment |   [anomaly] 35 clients trained on cuda in 1052s
[2026-06-29 20:57:25] INFO | experiment |   Forecast test MSE: 0.243910 | Anomaly test MSE: 0.315174 | round 1860s
[2026-06-29 20:57:25] INFO | experiment | Round 6/10 | 70 clients
[2026-06-29 21:09:13] INFO | experiment |   [forecasting] 35 clients trained on cuda in 708s
[2026-06-29 21:22:44] INFO | experiment |   [anomaly] 35 clients trained on cuda in 811s
[2026-06-29 21:22:45] INFO | experiment | Round 7/10 | 70 clients
[2026-06-29 21:33:30] INFO | experiment |   [forecasting] 35 clients trained on cuda in 646s
[2026-06-29 21:46:34] INFO | experiment |   [anomaly] 35 clients trained on cuda in 784s
[2026-06-29 21:46:34] INFO | experiment | Round 8/10 | 70 clients
[2026-06-29 21:57:28] INFO | experiment |   [forecasting] 35 clients trained on cuda in 654s
[2026-06-29 22:11:29] INFO | experiment |   [anomaly] 35 clients trained on cuda in 841s
[2026-06-29 22:11:30] INFO | experiment | Round 9/10 | 70 clients
[2026-06-29 22:23:28] INFO | experiment |   [forecasting] 35 clients trained on cuda in 719s
[2026-06-29 22:37:47] INFO | experiment |   [anomaly] 35 clients trained on cuda in 859s
[2026-06-29 22:37:48] INFO | experiment | Round 10/10 | 70 clients
[2026-06-29 22:51:26] INFO | experiment |   [forecasting] 35 clients trained on cuda in 819s
[2026-06-29 23:06:36] INFO | experiment |   [anomaly] 35 clients trained on cuda in 910s
[2026-06-29 23:07:53] INFO | experiment |   Forecast test MSE: 0.249855 | Anomaly test MSE: 0.291286 | round 1805s
[2026-06-29 23:07:53] INFO | experiment | FL training completed in 15914.7s
[2026-06-29 23:07:53] INFO | experiment | --- Federated Forecasting Evaluation ---
[2026-06-29 23:08:23] INFO | experiment |   MSE: 0.249866
[2026-06-29 23:08:23] INFO | experiment |   RMSE: 0.499866
[2026-06-29 23:08:23] INFO | experiment |   MAE: 0.247875
[2026-06-29 23:08:23] INFO | experiment |   MAPE: 23.72%
[2026-06-29 23:08:23] INFO | experiment |   SMAPE: 16.983202
[2026-06-29 23:08:23] INFO | experiment |   WAPE: 6.173573
[2026-06-29 23:08:23] INFO | experiment |   NRMSE: 0.124497
[2026-06-29 23:08:23] INFO | experiment |   MASE: 3.111153
[2026-06-29 23:08:23] INFO | experiment |   RSE: 0.271722
[2026-06-29 23:08:23] INFO | experiment |   CORR: 0.962750
[2026-06-29 23:08:23] INFO | experiment |   R2: 0.926167
[2026-06-29 23:08:23] INFO | experiment | --- Federated Anomaly Detection Evaluation ---
[2026-06-29 23:08:41] INFO | experiment |   Threshold (from val): 0.424791
[2026-06-29 23:09:20] INFO | experiment |   F1: 0.4806
[2026-06-29 23:09:20] INFO | experiment |   AUC_ROC: 0.7443
[2026-06-29 23:09:20] INFO | experiment |   AUC_PR: 0.5658
[2026-06-29 23:09:20] INFO | experiment |   PRECISION: 0.5973
[2026-06-29 23:09:20] INFO | experiment |   RECALL: 0.4020
[2026-06-29 23:09:20] INFO | experiment | Results saved to /home/samy/yuvaraj/cross-task-fl-balances-experiments/results/federated_local_only_fedavg_s47_results.json
[2026-06-29 23:09:20] INFO | experiment | Models saved to /home/samy/yuvaraj/cross-task-fl-balances-experiments/checkpoints
[2026-06-29 23:09:23] INFO | experiment | ============================================================
[2026-06-29 23:09:23] INFO | experiment | STEP 6: GENERATING RESEARCH PAPER PLOTS
[2026-06-29 23:09:23] INFO | experiment | ============================================================
