Traceback (most recent call last):
  File "/home/samy/yuvaraj/cross-task-fl-balances-experiments/main.py", line 625, in <module>
    main()
  File "/home/samy/yuvaraj/cross-task-fl-balances-experiments/main.py", line 619, in main
    run_visualization(config, log)
  File "/home/samy/yuvaraj/cross-task-fl-balances-experiments/main.py", line 411, in run_visualization
    from visualization.plots import generate_all_plots
  File "/home/samy/yuvaraj/cross-task-fl-balances-experiments/visualization/plots.py", line 5, in <module>
    import matplotlib
  File "/home/samy/miniconda3/envs/yuv_fl/lib/python3.10/site-packages/matplotlib/__init__.py", line 159, in <module>
    from . import _api, _version, cbook, _docstring, rcsetup
  File "/home/samy/miniconda3/envs/yuv_fl/lib/python3.10/site-packages/matplotlib/rcsetup.py", line 33, in <module>
    from cycler import Cycler, cycler as ccycler
ModuleNotFoundError: No module named 'cycler'
ERROR conda.cli.main_run:execute(148): `conda run python main.py --federated --mode dual --strategy fedavg --cohort 50 --seed 43 --eval-every 5` failed. (See above for error)
[2026-06-27 17:40:21] INFO | experiment | Device: cuda
[2026-06-27 17:40:21] INFO | experiment | Cohort: 50 buildings/dataset (tag='_s43') | ashrae=/home/samy/yuvaraj/cross-task-fl-balances-experiments/data/ashrae/processed | lead=/home/samy/yuvaraj/cross-task-fl-balances-experiments/data/lead/processed
[2026-06-27 17:40:21] INFO | experiment | Mamba fused kernels: ON (selective_scan=True, causal_conv1d=True)
[2026-06-27 17:40:21] INFO | experiment | ============================================================
[2026-06-27 17:40:21] INFO | experiment | STEP 2: MULTI-TASK FEDERATED LEARNING
[2026-06-27 17:40:21] INFO | experiment |   Mode: dual | Strategy: fedavg
[2026-06-27 17:40:21] INFO | experiment | ============================================================
[FL-ASHRAE] 35 clients, 15 test buildings
[FL-ASHRAE] 35 active clients, 85916 test windows
[FL-LEAD] 35 clients, 15 test buildings
[FL-LEAD] 35 active clients, 56934 val, 129708 test windows
[2026-06-27 17:40:35] INFO | experiment | Forecasting model params: 884,999
[2026-06-27 17:40:35] INFO | experiment | Anomaly model params:     976,623
[2026-06-27 17:40:35] INFO | experiment | Shared backbone params:   829,790
[2026-06-27 17:40:35] INFO | experiment | Forecasting head params:  55,209
[2026-06-27 17:40:35] INFO | experiment | Anomaly head params:      146,833
[2026-06-27 17:40:35] INFO | experiment | Single-GPU mode on cuda (available: 1, max: 1)
[2026-06-27 17:40:35] INFO | experiment | Backbone compatibility verified.
[2026-06-27 17:40:35] INFO | experiment | Multi-Task Federated Training
[2026-06-27 17:40:35] INFO | experiment |   Mode: dual | Strategy: fedavg
[2026-06-27 17:40:35] INFO | experiment |   Forecasting clients: 35
[2026-06-27 17:40:35] INFO | experiment |   Anomaly clients:     35
[2026-06-27 17:40:35] INFO | experiment |   Total clients:       70
[2026-06-27 17:40:35] INFO | experiment |   Rounds: 10, Local epochs: 5
[2026-06-27 17:40:35] INFO | experiment |   GPUs: 1
[2026-06-27 17:40:35] INFO | experiment | Round 1/10 | 70 clients
[2026-06-27 17:53:17] INFO | experiment |   [forecasting] 35 clients trained on cuda in 762s
[2026-06-27 18:07:41] INFO | experiment |   [anomaly] 35 clients trained on cuda in 864s
[2026-06-27 18:07:41] INFO | experiment | Round 2/10 | 70 clients
[2026-06-27 18:17:46] INFO | experiment |   [forecasting] 35 clients trained on cuda in 605s
[2026-06-27 18:29:24] INFO | experiment |   [anomaly] 35 clients trained on cuda in 698s
[2026-06-27 18:29:25] INFO | experiment | Round 3/10 | 70 clients
[2026-06-27 18:39:45] INFO | experiment |   [forecasting] 35 clients trained on cuda in 621s
[2026-06-27 18:52:41] INFO | experiment |   [anomaly] 35 clients trained on cuda in 776s
[2026-06-27 18:52:42] INFO | experiment | Round 4/10 | 70 clients
[2026-06-27 19:03:40] INFO | experiment |   [forecasting] 35 clients trained on cuda in 658s
[2026-06-27 19:16:58] INFO | experiment |   [anomaly] 35 clients trained on cuda in 798s
[2026-06-27 19:16:59] INFO | experiment | Round 5/10 | 70 clients
[2026-06-27 19:27:53] INFO | experiment |   [forecasting] 35 clients trained on cuda in 655s
[2026-06-27 19:41:49] INFO | experiment |   [anomaly] 35 clients trained on cuda in 835s
[2026-06-27 19:42:54] INFO | experiment |   Forecast test MSE: 0.223211 | Anomaly test MSE: 0.124946 | round 1556s
[2026-06-27 19:42:54] INFO | experiment | Round 6/10 | 70 clients
[2026-06-27 19:53:39] INFO | experiment |   [forecasting] 35 clients trained on cuda in 645s
[2026-06-27 20:08:55] INFO | experiment |   [anomaly] 35 clients trained on cuda in 916s
[2026-06-27 20:08:56] INFO | experiment | Round 7/10 | 70 clients
[2026-06-27 20:21:31] INFO | experiment |   [forecasting] 35 clients trained on cuda in 755s
[2026-06-27 20:32:57] INFO | experiment |   [anomaly] 35 clients trained on cuda in 686s
[2026-06-27 20:32:57] INFO | experiment | Round 8/10 | 70 clients
[2026-06-27 20:43:07] INFO | experiment |   [forecasting] 35 clients trained on cuda in 610s
[2026-06-27 20:55:35] INFO | experiment |   [anomaly] 35 clients trained on cuda in 748s
[2026-06-27 20:55:35] INFO | experiment | Round 9/10 | 70 clients
[2026-06-27 21:06:36] INFO | experiment |   [forecasting] 35 clients trained on cuda in 660s
[2026-06-27 21:19:59] INFO | experiment |   [anomaly] 35 clients trained on cuda in 803s
[2026-06-27 21:20:00] INFO | experiment | Round 10/10 | 70 clients
[2026-06-27 21:30:29] INFO | experiment |   [forecasting] 35 clients trained on cuda in 629s
[2026-06-27 21:45:26] INFO | experiment |   [anomaly] 35 clients trained on cuda in 897s
[2026-06-27 21:46:16] INFO | experiment |   Forecast test MSE: 0.214091 | Anomaly test MSE: 0.093315 | round 1577s
[2026-06-27 21:46:16] INFO | experiment | FL training completed in 14741.5s
[2026-06-27 21:46:16] INFO | experiment | --- Federated Forecasting Evaluation ---
[2026-06-27 21:46:35] INFO | experiment |   MSE: 0.214100
[2026-06-27 21:46:35] INFO | experiment |   RMSE: 0.462710
[2026-06-27 21:46:35] INFO | experiment |   MAE: 0.211837
[2026-06-27 21:46:35] INFO | experiment |   MAPE: 26.55%
[2026-06-27 21:46:35] INFO | experiment |   SMAPE: 16.287945
[2026-06-27 21:46:35] INFO | experiment |   WAPE: 5.275996
[2026-06-27 21:46:35] INFO | experiment |   NRMSE: 0.115242
[2026-06-27 21:46:35] INFO | experiment |   MASE: 2.658822
[2026-06-27 21:46:35] INFO | experiment |   RSE: 0.251524
[2026-06-27 21:46:35] INFO | experiment |   CORR: 0.967932
[2026-06-27 21:46:35] INFO | experiment |   R2: 0.936736
[2026-06-27 21:46:35] INFO | experiment | --- Federated Anomaly Detection Evaluation ---
[2026-06-27 21:46:48] INFO | experiment |   Threshold (from val): 0.103709
[2026-06-27 21:47:18] INFO | experiment |   F1: 0.5216
[2026-06-27 21:47:18] INFO | experiment |   AUC_ROC: 0.7932
[2026-06-27 21:47:18] INFO | experiment |   AUC_PR: 0.6315
[2026-06-27 21:47:18] INFO | experiment |   PRECISION: 0.8289
[2026-06-27 21:47:18] INFO | experiment |   RECALL: 0.3805
[2026-06-27 21:47:18] INFO | experiment | Results saved to /home/samy/yuvaraj/cross-task-fl-balances-experiments/results/federated_dual_fedavg_s43_results.json
[2026-06-27 21:47:18] INFO | experiment | Models saved to /home/samy/yuvaraj/cross-task-fl-balances-experiments/checkpoints
[2026-06-27 21:47:20] INFO | experiment | ============================================================
[2026-06-27 21:47:20] INFO | experiment | STEP 6: GENERATING RESEARCH PAPER PLOTS
[2026-06-27 21:47:20] INFO | experiment | ============================================================
