Traceback (most recent call last):
  File "/home/samy/yuvaraj/cross-task-fl-balances-experiments/main.py", line 625, in <module>
    main()
  File "/home/samy/yuvaraj/cross-task-fl-balances-experiments/main.py", line 619, in main
    run_visualization(config, log)
  File "/home/samy/yuvaraj/cross-task-fl-balances-experiments/main.py", line 411, in run_visualization
    from visualization.plots import generate_all_plots
  File "/home/samy/yuvaraj/cross-task-fl-balances-experiments/visualization/plots.py", line 5, in <module>
    import matplotlib
  File "/home/samy/miniconda3/envs/yuv_fl/lib/python3.10/site-packages/matplotlib/__init__.py", line 159, in <module>
    from . import _api, _version, cbook, _docstring, rcsetup
  File "/home/samy/miniconda3/envs/yuv_fl/lib/python3.10/site-packages/matplotlib/rcsetup.py", line 33, in <module>
    from cycler import Cycler, cycler as ccycler
ModuleNotFoundError: No module named 'cycler'
ERROR conda.cli.main_run:execute(148): `conda run python main.py --federated --mode dual --strategy fedavg --cohort 50 --seed 47 --eval-every 5` failed. (See above for error)
[2026-06-28 11:11:02] INFO | experiment | Device: cuda
[2026-06-28 11:11:02] INFO | experiment | Cohort: 50 buildings/dataset (tag='_s47') | ashrae=/home/samy/yuvaraj/cross-task-fl-balances-experiments/data/ashrae/processed | lead=/home/samy/yuvaraj/cross-task-fl-balances-experiments/data/lead/processed
[2026-06-28 11:11:02] INFO | experiment | Mamba fused kernels: ON (selective_scan=True, causal_conv1d=True)
[2026-06-28 11:11:02] INFO | experiment | ============================================================
[2026-06-28 11:11:02] INFO | experiment | STEP 2: MULTI-TASK FEDERATED LEARNING
[2026-06-28 11:11:02] INFO | experiment |   Mode: dual | Strategy: fedavg
[2026-06-28 11:11:02] INFO | experiment | ============================================================
[FL-ASHRAE] 35 clients, 15 test buildings
[FL-ASHRAE] 35 active clients, 85916 test windows
[FL-LEAD] 35 clients, 15 test buildings
[FL-LEAD] 35 active clients, 56934 val, 129708 test windows
[2026-06-28 11:11:16] INFO | experiment | Forecasting model params: 884,999
[2026-06-28 11:11:16] INFO | experiment | Anomaly model params:     976,623
[2026-06-28 11:11:16] INFO | experiment | Shared backbone params:   829,790
[2026-06-28 11:11:16] INFO | experiment | Forecasting head params:  55,209
[2026-06-28 11:11:16] INFO | experiment | Anomaly head params:      146,833
[2026-06-28 11:11:17] INFO | experiment | Single-GPU mode on cuda (available: 1, max: 1)
[2026-06-28 11:11:17] INFO | experiment | Backbone compatibility verified.
[2026-06-28 11:11:17] INFO | experiment | Multi-Task Federated Training
[2026-06-28 11:11:17] INFO | experiment |   Mode: dual | Strategy: fedavg
[2026-06-28 11:11:17] INFO | experiment |   Forecasting clients: 35
[2026-06-28 11:11:17] INFO | experiment |   Anomaly clients:     35
[2026-06-28 11:11:17] INFO | experiment |   Total clients:       70
[2026-06-28 11:11:17] INFO | experiment |   Rounds: 10, Local epochs: 5
[2026-06-28 11:11:17] INFO | experiment |   GPUs: 1
[2026-06-28 11:11:17] INFO | experiment | Round 1/10 | 70 clients
[2026-06-28 11:22:41] INFO | experiment |   [forecasting] 35 clients trained on cuda in 685s
[2026-06-28 11:35:10] INFO | experiment |   [anomaly] 35 clients trained on cuda in 748s
[2026-06-28 11:35:10] INFO | experiment | Round 2/10 | 70 clients
[2026-06-28 11:48:36] INFO | experiment |   [forecasting] 35 clients trained on cuda in 806s
[2026-06-28 12:03:41] INFO | experiment |   [anomaly] 35 clients trained on cuda in 905s
[2026-06-28 12:03:41] INFO | experiment | Round 3/10 | 70 clients
[2026-06-28 12:15:46] INFO | experiment |   [forecasting] 35 clients trained on cuda in 725s
[2026-06-28 12:27:38] INFO | experiment |   [anomaly] 35 clients trained on cuda in 711s
[2026-06-28 12:27:38] INFO | experiment | Round 4/10 | 70 clients
[2026-06-28 12:37:52] INFO | experiment |   [forecasting] 35 clients trained on cuda in 614s
[2026-06-28 12:50:40] INFO | experiment |   [anomaly] 35 clients trained on cuda in 767s
[2026-06-28 12:50:40] INFO | experiment | Round 5/10 | 70 clients
[2026-06-28 13:01:50] INFO | experiment |   [forecasting] 35 clients trained on cuda in 669s
[2026-06-28 13:15:27] INFO | experiment |   [anomaly] 35 clients trained on cuda in 818s
[2026-06-28 13:16:19] INFO | experiment |   Forecast test MSE: 0.213409 | Anomaly test MSE: 0.177589 | round 1539s
[2026-06-28 13:16:20] INFO | experiment | Round 6/10 | 70 clients
[2026-06-28 13:28:55] INFO | experiment |   [forecasting] 35 clients trained on cuda in 755s
[2026-06-28 13:43:23] INFO | experiment |   [anomaly] 35 clients trained on cuda in 868s
[2026-06-28 13:43:23] INFO | experiment | Round 7/10 | 70 clients
[2026-06-28 13:53:44] INFO | experiment |   [forecasting] 35 clients trained on cuda in 621s
[2026-06-28 14:06:32] INFO | experiment |   [anomaly] 35 clients trained on cuda in 768s
[2026-06-28 14:06:33] INFO | experiment | Round 8/10 | 70 clients
[2026-06-28 14:17:43] INFO | experiment |   [forecasting] 35 clients trained on cuda in 670s
[2026-06-28 14:31:46] INFO | experiment |   [anomaly] 35 clients trained on cuda in 843s
[2026-06-28 14:31:47] INFO | experiment | Round 9/10 | 70 clients
[2026-06-28 14:44:10] INFO | experiment |   [forecasting] 35 clients trained on cuda in 743s
[2026-06-28 14:58:22] INFO | experiment |   [anomaly] 35 clients trained on cuda in 852s
[2026-06-28 14:58:22] INFO | experiment | Round 10/10 | 70 clients
[2026-06-28 15:08:42] INFO | experiment |   [forecasting] 35 clients trained on cuda in 620s
[2026-06-28 15:21:03] INFO | experiment |   [anomaly] 35 clients trained on cuda in 741s
[2026-06-28 15:21:59] INFO | experiment |   Forecast test MSE: 0.203605 | Anomaly test MSE: 0.131974 | round 1417s
[2026-06-28 15:21:59] INFO | experiment | FL training completed in 15042.9s
[2026-06-28 15:21:59] INFO | experiment | --- Federated Forecasting Evaluation ---
[2026-06-28 15:22:20] INFO | experiment |   MSE: 0.203614
[2026-06-28 15:22:20] INFO | experiment |   RMSE: 0.451237
[2026-06-28 15:22:20] INFO | experiment |   MAE: 0.201056
[2026-06-28 15:22:20] INFO | experiment |   MAPE: 24.91%
[2026-06-28 15:22:20] INFO | experiment |   SMAPE: 13.754781
[2026-06-28 15:22:20] INFO | experiment |   WAPE: 5.007490
[2026-06-28 15:22:20] INFO | experiment |   NRMSE: 0.112385
[2026-06-28 15:22:20] INFO | experiment |   MASE: 2.523509
[2026-06-28 15:22:20] INFO | experiment |   RSE: 0.245288
[2026-06-28 15:22:20] INFO | experiment |   CORR: 0.969496
[2026-06-28 15:22:20] INFO | experiment |   R2: 0.939834
[2026-06-28 15:22:20] INFO | experiment | --- Federated Anomaly Detection Evaluation ---
[2026-06-28 15:22:35] INFO | experiment |   Threshold (from val): 0.132979
[2026-06-28 15:23:06] INFO | experiment |   F1: 0.5508
[2026-06-28 15:23:06] INFO | experiment |   AUC_ROC: 0.8141
[2026-06-28 15:23:06] INFO | experiment |   AUC_PR: 0.6583
[2026-06-28 15:23:06] INFO | experiment |   PRECISION: 0.9787
[2026-06-28 15:23:06] INFO | experiment |   RECALL: 0.3832
[2026-06-28 15:23:06] INFO | experiment | Results saved to /home/samy/yuvaraj/cross-task-fl-balances-experiments/results/federated_dual_fedavg_s47_results.json
[2026-06-28 15:23:06] INFO | experiment | Models saved to /home/samy/yuvaraj/cross-task-fl-balances-experiments/checkpoints
[2026-06-28 15:23:09] INFO | experiment | ============================================================
[2026-06-28 15:23:09] INFO | experiment | STEP 6: GENERATING RESEARCH PAPER PLOTS
[2026-06-28 15:23:09] INFO | experiment | ============================================================
